# JRE version: OpenJDK Runtime Environment (7.0_65-b32) (build 1.7.0_65-b32)
# Java VM: OpenJDK 64-Bit Server VM (24.65-b04 mixed mode linux-amd64 compressed oops)
Heap
 PSYoungGen      total 430080K, used 130433K [0x00000007d6900000, 0x00000007fda00000, 0x0000000800000000)
  eden space 239616K, 0% used [0x00000007d6900000,0x00000007d6900000,0x00000007e5300000)
  from space 190464K, 68% used [0x00000007f2000000,0x00000007f9f60708,0x00000007fda00000)
  to   space 200192K, 0% used [0x00000007e5300000,0x00000007e5300000,0x00000007f1680000)
 ParOldGen       total 987136K, used 986802K [0x0000000783c00000, 0x00000007c0000000, 0x00000007d6900000)
  object space 987136K, 99% used [0x0000000783c00000,0x00000007bffacb68,0x00000007c0000000)
 PSPermGen       total 21504K, used 2947K [0x0000000779600000, 0x000000077ab00000, 0x0000000783c00000)
  object space 21504K, 13% used [0x0000000779600000,0x00000007798e0d40,0x000000077ab00000)
GC Heap History (10 events):
Event: 1582,500 GC heap after
Heap after GC invocations=89 (full 7):
 PSYoungGen      total 471552K, used 154941K [0x00000007d6900000, 0x0000000800000000, 0x0000000800000000)
  eden space 263680K, 0% used [0x00000007d6900000,0x00000007d6900000,0x00000007e6a80000)
  from space 207872K, 74% used [0x00000007f3500000,0x00000007fcc4f4f0,0x0000000800000000)
  to   space 207360K, 0% used [0x00000007e6a80000,0x00000007e6a80000,0x00000007f3500000)
 ParOldGen       total 987136K, used 918542K [0x0000000783c00000, 0x00000007c0000000, 0x00000007d6900000)
  object space 987136K, 93% used [0x0000000783c00000,0x00000007bbd03b20,0x00000007c0000000)
 PSPermGen       total 21504K, used 2947K [0x0000000779600000, 0x000000077ab00000, 0x0000000783c00000)
  object space 21504K, 13% used [0x0000000779600000,0x00000007798e0d40,0x000000077ab00000)
}
Event: 1637,632 GC heap before
{Heap before GC invocations=90 (full 7):
 PSYoungGen      total 471552K, used 418621K [0x00000007d6900000, 0x0000000800000000, 0x0000000800000000)
  eden space 263680K, 100% used [0x00000007d6900000,0x00000007e6a80000,0x00000007e6a80000)
  from space 207872K, 74% used [0x00000007f3500000,0x00000007fcc4f4f0,0x0000000800000000)
  to   space 207360K, 0% used [0x00000007e6a80000,0x00000007e6a80000,0x00000007f3500000)
 ParOldGen       total 987136K, used 918542K [0x0000000783c00000, 0x00000007c0000000, 0x00000007d6900000)
  object space 987136K, 93% used [0x0000000783c00000,0x00000007bbd03b20,0x00000007c0000000)
 PSPermGen       total 21504K, used 2947K [0x0000000779600000, 0x000000077ab00000, 0x0000000783c00000)
  object space 21504K, 13% used [0x0000000779600000,0x00000007798e0d40,0x000000077ab00000)
Event: 1637,856 GC heap after
Heap after GC invocations=90 (full 7):
 PSYoungGen      total 416768K, used 152995K [0x00000007d6900000, 0x00000007ffd80000, 0x0000000800000000)
  eden space 263680K, 0% used [0x00000007d6900000,0x00000007d6900000,0x00000007e6a80000)
  from space 153088K, 99% used [0x00000007e6a80000,0x00000007effe8f98,0x00000007f0000000)
  to   space 206336K, 0% used [0x00000007f3400000,0x00000007f3400000,0x00000007ffd80000)
 ParOldGen       total 987136K, used 931717K [0x0000000783c00000, 0x00000007c0000000, 0x00000007d6900000)
  object space 987136K, 94% used [0x0000000783c00000,0x00000007bc9e1430,0x00000007c0000000)
 PSPermGen       total 21504K, used 2947K [0x0000000779600000, 0x000000077ab00000, 0x0000000783c00000)
  object space 21504K, 13% used [0x0000000779600000,0x00000007798e0d40,0x000000077ab00000)
}
Event: 1691,439 GC heap before
{Heap before GC invocations=91 (full 7):
 PSYoungGen      total 416768K, used 416675K [0x00000007d6900000, 0x00000007ffd80000, 0x0000000800000000)
  eden space 263680K, 100% used [0x00000007d6900000,0x00000007e6a80000,0x00000007e6a80000)
  from space 153088K, 99% used [0x00000007e6a80000,0x00000007effe8f98,0x00000007f0000000)
  to   space 206336K, 0% used [0x00000007f3400000,0x00000007f3400000,0x00000007ffd80000)
 ParOldGen       total 987136K, used 931717K [0x0000000783c00000, 0x00000007c0000000, 0x00000007d6900000)
  object space 987136K, 94% used [0x0000000783c00000,0x00000007bc9e1430,0x00000007c0000000)
 PSPermGen       total 21504K, used 2947K [0x0000000779600000, 0x000000077ab00000, 0x0000000783c00000)
  object space 21504K, 13% used [0x0000000779600000,0x00000007798e0d40,0x000000077ab00000)
Event: 1691,641 GC heap after
Heap after GC invocations=91 (full 7):
 PSYoungGen      total 449536K, used 152338K [0x00000007d6900000, 0x00000007ff180000, 0x0000000800000000)
  eden space 255488K, 0% used [0x00000007d6900000,0x00000007d6900000,0x00000007e6280000)
  from space 194048K, 78% used [0x00000007f3400000,0x00000007fc8c4b78,0x00000007ff180000)
  to   space 204288K, 0% used [0x00000007e6280000,0x00000007e6280000,0x00000007f2a00000)
 ParOldGen       total 987136K, used 943603K [0x0000000783c00000, 0x00000007c0000000, 0x00000007d6900000)
  object space 987136K, 95% used [0x0000000783c00000,0x00000007bd57cfd8,0x00000007c0000000)
 PSPermGen       total 21504K, used 2947K [0x0000000779600000, 0x000000077ab00000, 0x0000000783c00000)
  object space 21504K, 13% used [0x0000000779600000,0x00000007798e0d40,0x000000077ab00000)
}
Event: 1745,514 GC heap before
{Heap before GC invocations=92 (full 7):
 PSYoungGen      total 449536K, used 407826K [0x00000007d6900000, 0x00000007ff180000, 0x0000000800000000)
  eden space 255488K, 100% used [0x00000007d6900000,0x00000007e6280000,0x00000007e6280000)
  from space 194048K, 78% used [0x00000007f3400000,0x00000007fc8c4b78,0x00000007ff180000)
  to   space 204288K, 0% used [0x00000007e6280000,0x00000007e6280000,0x00000007f2a00000)
 ParOldGen       total 987136K, used 943603K [0x0000000783c00000, 0x00000007c0000000, 0x00000007d6900000)
  object space 987136K, 95% used [0x0000000783c00000,0x00000007bd57cfd8,0x00000007c0000000)
 PSPermGen       total 21504K, used 2947K [0x0000000779600000, 0x000000077ab00000, 0x0000000783c00000)
  object space 21504K, 13% used [0x0000000779600000,0x00000007798e0d40,0x000000077ab00000)
Event: 1745,739 GC heap after
Heap after GC invocations=92 (full 7):
 PSYoungGen      total 398848K, used 151393K [0x00000007d6900000, 0x00000007fe580000, 0x0000000800000000)
  eden space 247296K, 0% used [0x00000007d6900000,0x00000007d6900000,0x00000007e5a80000)
  from space 151552K, 99% used [0x00000007e6280000,0x00000007ef658418,0x00000007ef680000)
  to   space 202240K, 0% used [0x00000007f2000000,0x00000007f2000000,0x00000007fe580000)
 ParOldGen       total 987136K, used 955374K [0x0000000783c00000, 0x00000007c0000000, 0x00000007d6900000)
  object space 987136K, 96% used [0x0000000783c00000,0x00000007be0fbbc8,0x00000007c0000000)
 PSPermGen       total 21504K, used 2947K [0x0000000779600000, 0x000000077ab00000, 0x0000000783c00000)
  object space 21504K, 13% used [0x0000000779600000,0x00000007798e0d40,0x000000077ab00000)
}
Event: 1796,252 GC heap before
{Heap before GC invocations=93 (full 7):
 PSYoungGen      total 398848K, used 398689K [0x00000007d6900000, 0x00000007fe580000, 0x0000000800000000)
  eden space 247296K, 100% used [0x00000007d6900000,0x00000007e5a80000,0x00000007e5a80000)
  from space 151552K, 99% used [0x00000007e6280000,0x00000007ef658418,0x00000007ef680000)
  to   space 202240K, 0% used [0x00000007f2000000,0x00000007f2000000,0x00000007fe580000)
 ParOldGen       total 987136K, used 955374K [0x0000000783c00000, 0x00000007c0000000, 0x00000007d6900000)
  object space 987136K, 96% used [0x0000000783c00000,0x00000007be0fbbc8,0x00000007c0000000)
 PSPermGen       total 21504K, used 2947K [0x0000000779600000, 0x000000077ab00000, 0x0000000783c00000)
  object space 21504K, 13% used [0x0000000779600000,0x00000007798e0d40,0x000000077ab00000)
Event: 1796,510 GC heap after
Heap after GC invocations=93 (full 7):
 PSYoungGen      total 430080K, used 152464K [0x00000007d6900000, 0x00000007fda00000, 0x0000000800000000)
  eden space 239616K, 0% used [0x00000007d6900000,0x00000007d6900000,0x00000007e5300000)
  from space 190464K, 80% used [0x00000007f2000000,0x00000007fb4e4040,0x00000007fda00000)
  to   space 200192K, 0% used [0x00000007e5300000,0x00000007e5300000,0x00000007f1680000)
 ParOldGen       total 987136K, used 964916K [0x0000000783c00000, 0x00000007c0000000, 0x00000007d6900000)
  object space 987136K, 97% used [0x0000000783c00000,0x00000007bea4d098,0x00000007c0000000)
 PSPermGen       total 21504K, used 2947K [0x0000000779600000, 0x000000077ab00000, 0x0000000783c00000)
  object space 21504K, 13% used [0x0000000779600000,0x00000007798e0d40,0x000000077ab00000)
}
Event: 1796,511 GC heap before
{Heap before GC invocations=94 (full 8):
 PSYoungGen      total 430080K, used 152464K [0x00000007d6900000, 0x00000007fda00000, 0x0000000800000000)
  eden space 239616K, 0% used [0x00000007d6900000,0x00000007d6900000,0x00000007e5300000)
  from space 190464K, 80% used [0x00000007f2000000,0x00000007fb4e4040,0x00000007fda00000)
  to   space 200192K, 0% used [0x00000007e5300000,0x00000007e5300000,0x00000007f1680000)
 ParOldGen       total 987136K, used 964916K [0x0000000783c00000, 0x00000007c0000000, 0x00000007d6900000)
  object space 987136K, 97% used [0x0000000783c00000,0x00000007bea4d098,0x00000007c0000000)
 PSPermGen       total 21504K, used 2947K [0x0000000779600000, 0x000000077ab00000, 0x0000000783c00000)
  object space 21504K, 13% used [0x0000000779600000,0x00000007798e0d40,0x000000077ab00000)

